2025-04-01 00:30:20,469 [Worker-7: Loading available Gradle versions] INFO  o.e.b.c.i.u.g.PublishedGradleVersions - Gradle version information cache is not available. Remote download required.
2025-04-01 00:38:24,767 [Worker-14: Launching mavenrun-0fbd5db1-c394-4944-be98-aafeeebc916a] INFO  o.eclipse.m2e.core.internal.Bundles - getClasspathEntries(Bundle=org.eclipse.m2e.maven.runtime_3.9.900.20250220-2013 [361])
2025-04-01 00:38:24,769 [Worker-14: Launching mavenrun-0fbd5db1-c394-4944-be98-aafeeebc916a] INFO  o.eclipse.m2e.core.internal.Bundles - 	Entry: C:\Users\bpava\Downloads\SpringToolSuite\sts-4.29.1.RELEASE\plugins\org.eclipse.m2e.maven.runtime_3.9.900.20250220-2013
2025-04-01 00:38:24,770 [Worker-14: Launching mavenrun-0fbd5db1-c394-4944-be98-aafeeebc916a] INFO  o.eclipse.m2e.core.internal.Bundles - 	Entry: C:\Users\bpava\Downloads\SpringToolSuite\sts-4.29.1.RELEASE\plugins\org.eclipse.m2e.maven.runtime_3.9.900.20250220-2013\jars\aopalliance-1.0.jar
2025-04-01 00:38:24,771 [Worker-14: Launching mavenrun-0fbd5db1-c394-4944-be98-aafeeebc916a] INFO  o.eclipse.m2e.core.internal.Bundles - 	Entry: C:\Users\bpava\Downloads\SpringToolSuite\sts-4.29.1.RELEASE\plugins\org.eclipse.m2e.maven.runtime_3.9.900.20250220-2013\jars\guice-5.1.0.jar
2025-04-01 00:38:24,771 [Worker-14: Launching mavenrun-0fbd5db1-c394-4944-be98-aafeeebc916a] INFO  o.eclipse.m2e.core.internal.Bundles - 	Entry: C:\Users\bpava\Downloads\SpringToolSuite\sts-4.29.1.RELEASE\plugins\org.eclipse.m2e.maven.runtime_3.9.900.20250220-2013\jars\httpclient-4.5.14.jar
2025-04-01 00:38:24,771 [Worker-14: Launching mavenrun-0fbd5db1-c394-4944-be98-aafeeebc916a] INFO  o.eclipse.m2e.core.internal.Bundles - 	Entry: C:\Users\bpava\Downloads\SpringToolSuite\sts-4.29.1.RELEASE\plugins\org.eclipse.m2e.maven.runtime_3.9.900.20250220-2013\jars\httpcore-4.4.16.jar
2025-04-01 00:38:24,772 [Worker-14: Launching mavenrun-0fbd5db1-c394-4944-be98-aafeeebc916a] INFO  o.eclipse.m2e.core.internal.Bundles - 	Entry: C:\Users\bpava\Downloads\SpringToolSuite\sts-4.29.1.RELEASE\plugins\org.eclipse.m2e.maven.runtime_3.9.900.20250220-2013\jars\jansi-2.4.1.jar
2025-04-01 00:38:24,772 [Worker-14: Launching mavenrun-0fbd5db1-c394-4944-be98-aafeeebc916a] INFO  o.eclipse.m2e.core.internal.Bundles - 	Entry: C:\Users\bpava\Downloads\SpringToolSuite\sts-4.29.1.RELEASE\plugins\org.eclipse.m2e.maven.runtime_3.9.900.20250220-2013\jars\jcl-over-slf4j-1.7.36.jar
2025-04-01 00:38:24,772 [Worker-14: Launching mavenrun-0fbd5db1-c394-4944-be98-aafeeebc916a] INFO  o.eclipse.m2e.core.internal.Bundles - 	Entry: C:\Users\bpava\Downloads\SpringToolSuite\sts-4.29.1.RELEASE\plugins\org.eclipse.m2e.maven.runtime_3.9.900.20250220-2013\jars\maven-artifact-3.9.9.jar
2025-04-01 00:38:24,772 [Worker-14: Launching mavenrun-0fbd5db1-c394-4944-be98-aafeeebc916a] INFO  o.eclipse.m2e.core.internal.Bundles - 	Entry: C:\Users\bpava\Downloads\SpringToolSuite\sts-4.29.1.RELEASE\plugins\org.eclipse.m2e.maven.runtime_3.9.900.20250220-2013\jars\maven-builder-support-3.9.9.jar
2025-04-01 00:38:24,772 [Worker-14: Launching mavenrun-0fbd5db1-c394-4944-be98-aafeeebc916a] INFO  o.eclipse.m2e.core.internal.Bundles - 	Entry: C:\Users\bpava\Downloads\SpringToolSuite\sts-4.29.1.RELEASE\plugins\org.eclipse.m2e.maven.runtime_3.9.900.20250220-2013\jars\maven-compat-3.9.9.jar
2025-04-01 00:38:24,772 [Worker-14: Launching mavenrun-0fbd5db1-c394-4944-be98-aafeeebc916a] INFO  o.eclipse.m2e.core.internal.Bundles - 	Entry: C:\Users\bpava\Downloads\SpringToolSuite\sts-4.29.1.RELEASE\plugins\org.eclipse.m2e.maven.runtime_3.9.900.20250220-2013\jars\maven-core-3.9.9.jar
2025-04-01 00:38:24,772 [Worker-14: Launching mavenrun-0fbd5db1-c394-4944-be98-aafeeebc916a] INFO  o.eclipse.m2e.core.internal.Bundles - 	Entry: C:\Users\bpava\Downloads\SpringToolSuite\sts-4.29.1.RELEASE\plugins\org.eclipse.m2e.maven.runtime_3.9.900.20250220-2013\jars\maven-embedder-3.9.9.jar
2025-04-01 00:38:24,772 [Worker-14: Launching mavenrun-0fbd5db1-c394-4944-be98-aafeeebc916a] INFO  o.eclipse.m2e.core.internal.Bundles - 	Entry: C:\Users\bpava\Downloads\SpringToolSuite\sts-4.29.1.RELEASE\plugins\org.eclipse.m2e.maven.runtime_3.9.900.20250220-2013\jars\maven-model-3.9.9.jar
2025-04-01 00:38:24,773 [Worker-14: Launching mavenrun-0fbd5db1-c394-4944-be98-aafeeebc916a] INFO  o.eclipse.m2e.core.internal.Bundles - 	Entry: C:\Users\bpava\Downloads\SpringToolSuite\sts-4.29.1.RELEASE\plugins\org.eclipse.m2e.maven.runtime_3.9.900.20250220-2013\jars\maven-model-builder-3.9.9.jar
2025-04-01 00:38:24,773 [Worker-14: Launching mavenrun-0fbd5db1-c394-4944-be98-aafeeebc916a] INFO  o.eclipse.m2e.core.internal.Bundles - 	Entry: C:\Users\bpava\Downloads\SpringToolSuite\sts-4.29.1.RELEASE\plugins\org.eclipse.m2e.maven.runtime_3.9.900.20250220-2013\jars\maven-plugin-api-3.9.9.jar
2025-04-01 00:38:24,773 [Worker-14: Launching mavenrun-0fbd5db1-c394-4944-be98-aafeeebc916a] INFO  o.eclipse.m2e.core.internal.Bundles - 	Entry: C:\Users\bpava\Downloads\SpringToolSuite\sts-4.29.1.RELEASE\plugins\org.eclipse.m2e.maven.runtime_3.9.900.20250220-2013\jars\maven-repository-metadata-3.9.9.jar
2025-04-01 00:38:24,773 [Worker-14: Launching mavenrun-0fbd5db1-c394-4944-be98-aafeeebc916a] INFO  o.eclipse.m2e.core.internal.Bundles - 	Entry: C:\Users\bpava\Downloads\SpringToolSuite\sts-4.29.1.RELEASE\plugins\org.eclipse.m2e.maven.runtime_3.9.900.20250220-2013\jars\maven-resolver-api-1.9.22.jar
2025-04-01 00:38:24,773 [Worker-14: Launching mavenrun-0fbd5db1-c394-4944-be98-aafeeebc916a] INFO  o.eclipse.m2e.core.internal.Bundles - 	Entry: C:\Users\bpava\Downloads\SpringToolSuite\sts-4.29.1.RELEASE\plugins\org.eclipse.m2e.maven.runtime_3.9.900.20250220-2013\jars\maven-resolver-connector-basic-1.9.22.jar
2025-04-01 00:38:24,773 [Worker-14: Launching mavenrun-0fbd5db1-c394-4944-be98-aafeeebc916a] INFO  o.eclipse.m2e.core.internal.Bundles - 	Entry: C:\Users\bpava\Downloads\SpringToolSuite\sts-4.29.1.RELEASE\plugins\org.eclipse.m2e.maven.runtime_3.9.900.20250220-2013\jars\maven-resolver-impl-1.9.22.jar
2025-04-01 00:38:24,773 [Worker-14: Launching mavenrun-0fbd5db1-c394-4944-be98-aafeeebc916a] INFO  o.eclipse.m2e.core.internal.Bundles - 	Entry: C:\Users\bpava\Downloads\SpringToolSuite\sts-4.29.1.RELEASE\plugins\org.eclipse.m2e.maven.runtime_3.9.900.20250220-2013\jars\maven-resolver-named-locks-1.9.22.jar
2025-04-01 00:38:24,774 [Worker-14: Launching mavenrun-0fbd5db1-c394-4944-be98-aafeeebc916a] INFO  o.eclipse.m2e.core.internal.Bundles - 	Entry: C:\Users\bpava\Downloads\SpringToolSuite\sts-4.29.1.RELEASE\plugins\org.eclipse.m2e.maven.runtime_3.9.900.20250220-2013\jars\maven-resolver-provider-3.9.9.jar
2025-04-01 00:38:24,774 [Worker-14: Launching mavenrun-0fbd5db1-c394-4944-be98-aafeeebc916a] INFO  o.eclipse.m2e.core.internal.Bundles - 	Entry: C:\Users\bpava\Downloads\SpringToolSuite\sts-4.29.1.RELEASE\plugins\org.eclipse.m2e.maven.runtime_3.9.900.20250220-2013\jars\maven-resolver-spi-1.9.22.jar
2025-04-01 00:38:24,774 [Worker-14: Launching mavenrun-0fbd5db1-c394-4944-be98-aafeeebc916a] INFO  o.eclipse.m2e.core.internal.Bundles - 	Entry: C:\Users\bpava\Downloads\SpringToolSuite\sts-4.29.1.RELEASE\plugins\org.eclipse.m2e.maven.runtime_3.9.900.20250220-2013\jars\maven-resolver-transport-file-1.9.22.jar
2025-04-01 00:38:24,774 [Worker-14: Launching mavenrun-0fbd5db1-c394-4944-be98-aafeeebc916a] INFO  o.eclipse.m2e.core.internal.Bundles - 	Entry: C:\Users\bpava\Downloads\SpringToolSuite\sts-4.29.1.RELEASE\plugins\org.eclipse.m2e.maven.runtime_3.9.900.20250220-2013\jars\maven-resolver-transport-http-1.9.22.jar
2025-04-01 00:38:24,774 [Worker-14: Launching mavenrun-0fbd5db1-c394-4944-be98-aafeeebc916a] INFO  o.eclipse.m2e.core.internal.Bundles - 	Entry: C:\Users\bpava\Downloads\SpringToolSuite\sts-4.29.1.RELEASE\plugins\org.eclipse.m2e.maven.runtime_3.9.900.20250220-2013\jars\maven-resolver-transport-wagon-1.9.22.jar
2025-04-01 00:38:24,774 [Worker-14: Launching mavenrun-0fbd5db1-c394-4944-be98-aafeeebc916a] INFO  o.eclipse.m2e.core.internal.Bundles - 	Entry: C:\Users\bpava\Downloads\SpringToolSuite\sts-4.29.1.RELEASE\plugins\org.eclipse.m2e.maven.runtime_3.9.900.20250220-2013\jars\maven-resolver-util-1.9.22.jar
2025-04-01 00:38:24,774 [Worker-14: Launching mavenrun-0fbd5db1-c394-4944-be98-aafeeebc916a] INFO  o.eclipse.m2e.core.internal.Bundles - 	Entry: C:\Users\bpava\Downloads\SpringToolSuite\sts-4.29.1.RELEASE\plugins\org.eclipse.m2e.maven.runtime_3.9.900.20250220-2013\jars\maven-settings-3.9.9.jar
2025-04-01 00:38:24,775 [Worker-14: Launching mavenrun-0fbd5db1-c394-4944-be98-aafeeebc916a] INFO  o.eclipse.m2e.core.internal.Bundles - 	Entry: C:\Users\bpava\Downloads\SpringToolSuite\sts-4.29.1.RELEASE\plugins\org.eclipse.m2e.maven.runtime_3.9.900.20250220-2013\jars\maven-settings-builder-3.9.9.jar
2025-04-01 00:38:24,775 [Worker-14: Launching mavenrun-0fbd5db1-c394-4944-be98-aafeeebc916a] INFO  o.eclipse.m2e.core.internal.Bundles - 	Entry: C:\Users\bpava\Downloads\SpringToolSuite\sts-4.29.1.RELEASE\plugins\org.eclipse.m2e.maven.runtime_3.9.900.20250220-2013\jars\maven-shared-utils-3.4.2.jar
2025-04-01 00:38:24,775 [Worker-14: Launching mavenrun-0fbd5db1-c394-4944-be98-aafeeebc916a] INFO  o.eclipse.m2e.core.internal.Bundles - 	Entry: C:\Users\bpava\Downloads\SpringToolSuite\sts-4.29.1.RELEASE\plugins\org.eclipse.m2e.maven.runtime_3.9.900.20250220-2013\jars\org.eclipse.sisu.inject-0.9.0.M3.jar
2025-04-01 00:38:24,775 [Worker-14: Launching mavenrun-0fbd5db1-c394-4944-be98-aafeeebc916a] INFO  o.eclipse.m2e.core.internal.Bundles - 	Entry: C:\Users\bpava\Downloads\SpringToolSuite\sts-4.29.1.RELEASE\plugins\org.eclipse.m2e.maven.runtime_3.9.900.20250220-2013\jars\org.eclipse.sisu.plexus-0.9.0.M3.jar
2025-04-01 00:38:24,775 [Worker-14: Launching mavenrun-0fbd5db1-c394-4944-be98-aafeeebc916a] INFO  o.eclipse.m2e.core.internal.Bundles - 	Entry: C:\Users\bpava\Downloads\SpringToolSuite\sts-4.29.1.RELEASE\plugins\org.eclipse.m2e.maven.runtime_3.9.900.20250220-2013\jars\plexus-build-api-0.0.7.jar
2025-04-01 00:38:24,775 [Worker-14: Launching mavenrun-0fbd5db1-c394-4944-be98-aafeeebc916a] INFO  o.eclipse.m2e.core.internal.Bundles - 	Entry: C:\Users\bpava\Downloads\SpringToolSuite\sts-4.29.1.RELEASE\plugins\org.eclipse.m2e.maven.runtime_3.9.900.20250220-2013\jars\plexus-build-api-1.2.0.jar
2025-04-01 00:38:24,775 [Worker-14: Launching mavenrun-0fbd5db1-c394-4944-be98-aafeeebc916a] INFO  o.eclipse.m2e.core.internal.Bundles - 	Entry: C:\Users\bpava\Downloads\SpringToolSuite\sts-4.29.1.RELEASE\plugins\org.eclipse.m2e.maven.runtime_3.9.900.20250220-2013\jars\plexus-cipher-2.0.jar
2025-04-01 00:38:24,775 [Worker-14: Launching mavenrun-0fbd5db1-c394-4944-be98-aafeeebc916a] INFO  o.eclipse.m2e.core.internal.Bundles - 	Entry: C:\Users\bpava\Downloads\SpringToolSuite\sts-4.29.1.RELEASE\plugins\org.eclipse.m2e.maven.runtime_3.9.900.20250220-2013\jars\plexus-classworlds-2.8.0.jar
2025-04-01 00:38:24,776 [Worker-14: Launching mavenrun-0fbd5db1-c394-4944-be98-aafeeebc916a] INFO  o.eclipse.m2e.core.internal.Bundles - 	Entry: C:\Users\bpava\Downloads\SpringToolSuite\sts-4.29.1.RELEASE\plugins\org.eclipse.m2e.maven.runtime_3.9.900.20250220-2013\jars\plexus-component-annotations-2.1.0.jar
2025-04-01 00:38:24,776 [Worker-14: Launching mavenrun-0fbd5db1-c394-4944-be98-aafeeebc916a] INFO  o.eclipse.m2e.core.internal.Bundles - 	Entry: C:\Users\bpava\Downloads\SpringToolSuite\sts-4.29.1.RELEASE\plugins\org.eclipse.m2e.maven.runtime_3.9.900.20250220-2013\jars\plexus-interpolation-1.27.jar
2025-04-01 00:38:24,776 [Worker-14: Launching mavenrun-0fbd5db1-c394-4944-be98-aafeeebc916a] INFO  o.eclipse.m2e.core.internal.Bundles - 	Entry: C:\Users\bpava\Downloads\SpringToolSuite\sts-4.29.1.RELEASE\plugins\org.eclipse.m2e.maven.runtime_3.9.900.20250220-2013\jars\plexus-sec-dispatcher-2.0.jar
2025-04-01 00:38:24,776 [Worker-14: Launching mavenrun-0fbd5db1-c394-4944-be98-aafeeebc916a] INFO  o.eclipse.m2e.core.internal.Bundles - 	Entry: C:\Users\bpava\Downloads\SpringToolSuite\sts-4.29.1.RELEASE\plugins\org.eclipse.m2e.maven.runtime_3.9.900.20250220-2013\jars\plexus-utils-3.5.1.jar
2025-04-01 00:38:24,776 [Worker-14: Launching mavenrun-0fbd5db1-c394-4944-be98-aafeeebc916a] INFO  o.eclipse.m2e.core.internal.Bundles - 	Entry: C:\Users\bpava\Downloads\SpringToolSuite\sts-4.29.1.RELEASE\plugins\org.eclipse.m2e.maven.runtime_3.9.900.20250220-2013\jars\plexus-xml-3.0.1.jar
2025-04-01 00:38:24,776 [Worker-14: Launching mavenrun-0fbd5db1-c394-4944-be98-aafeeebc916a] INFO  o.eclipse.m2e.core.internal.Bundles - 	Entry: C:\Users\bpava\Downloads\SpringToolSuite\sts-4.29.1.RELEASE\plugins\org.eclipse.m2e.maven.runtime_3.9.900.20250220-2013\jars\wagon-file-3.5.3.jar
2025-04-01 00:38:24,776 [Worker-14: Launching mavenrun-0fbd5db1-c394-4944-be98-aafeeebc916a] INFO  o.eclipse.m2e.core.internal.Bundles - 	Entry: C:\Users\bpava\Downloads\SpringToolSuite\sts-4.29.1.RELEASE\plugins\org.eclipse.m2e.maven.runtime_3.9.900.20250220-2013\jars\wagon-http-3.5.3.jar
2025-04-01 00:38:24,777 [Worker-14: Launching mavenrun-0fbd5db1-c394-4944-be98-aafeeebc916a] INFO  o.eclipse.m2e.core.internal.Bundles - 	Entry: C:\Users\bpava\Downloads\SpringToolSuite\sts-4.29.1.RELEASE\plugins\org.eclipse.m2e.maven.runtime_3.9.900.20250220-2013\jars\wagon-http-shared-3.5.3.jar
2025-04-01 00:38:24,777 [Worker-14: Launching mavenrun-0fbd5db1-c394-4944-be98-aafeeebc916a] INFO  o.eclipse.m2e.core.internal.Bundles - 	Entry: C:\Users\bpava\Downloads\SpringToolSuite\sts-4.29.1.RELEASE\plugins\org.eclipse.m2e.maven.runtime_3.9.900.20250220-2013\jars\wagon-provider-api-3.5.3.jar
2025-04-01 00:38:24,778 [Worker-14: Launching mavenrun-0fbd5db1-c394-4944-be98-aafeeebc916a] INFO  o.eclipse.m2e.core.internal.Bundles - getClasspathEntries(Bundle=com.google.guava_33.4.0.jre [29])
2025-04-01 00:38:24,779 [Worker-14: Launching mavenrun-0fbd5db1-c394-4944-be98-aafeeebc916a] INFO  o.eclipse.m2e.core.internal.Bundles - 	Entry: C:\Users\bpava\Downloads\SpringToolSuite\sts-4.29.1.RELEASE\plugins\com.google.guava_33.4.0.jre.jar
2025-04-01 00:38:24,779 [Worker-14: Launching mavenrun-0fbd5db1-c394-4944-be98-aafeeebc916a] INFO  o.eclipse.m2e.core.internal.Bundles - getClasspathEntries(Bundle=slf4j.api_2.0.17 [608])
2025-04-01 00:38:24,779 [Worker-14: Launching mavenrun-0fbd5db1-c394-4944-be98-aafeeebc916a] INFO  o.eclipse.m2e.core.internal.Bundles - 	Entry: C:\Users\bpava\Downloads\SpringToolSuite\sts-4.29.1.RELEASE\plugins\slf4j.api_2.0.17.jar
2025-04-01 00:38:24,780 [Worker-14: Launching mavenrun-0fbd5db1-c394-4944-be98-aafeeebc916a] INFO  o.eclipse.m2e.core.internal.Bundles - getClasspathEntries(Bundle=jakarta.inject.jakarta.inject-api_1.0.5 [45])
2025-04-01 00:38:24,780 [Worker-14: Launching mavenrun-0fbd5db1-c394-4944-be98-aafeeebc916a] INFO  o.eclipse.m2e.core.internal.Bundles - 	Entry: C:\Users\bpava\Downloads\SpringToolSuite\sts-4.29.1.RELEASE\plugins\jakarta.inject.jakarta.inject-api_1.0.5.jar
2025-04-01 00:38:24,780 [Worker-14: Launching mavenrun-0fbd5db1-c394-4944-be98-aafeeebc916a] INFO  o.eclipse.m2e.core.internal.Bundles - getClasspathEntries(Bundle=jakarta.annotation-api_1.3.5 [41])
2025-04-01 00:38:24,781 [Worker-14: Launching mavenrun-0fbd5db1-c394-4944-be98-aafeeebc916a] INFO  o.eclipse.m2e.core.internal.Bundles - 	Entry: C:\Users\bpava\Downloads\SpringToolSuite\sts-4.29.1.RELEASE\plugins\jakarta.annotation-api_1.3.5.jar
2025-04-01 00:38:24,781 [Worker-14: Launching mavenrun-0fbd5db1-c394-4944-be98-aafeeebc916a] INFO  o.eclipse.m2e.core.internal.Bundles - getClasspathEntries(Bundle=org.apache.commons.cli_1.9.0 [77])
2025-04-01 00:38:24,782 [Worker-14: Launching mavenrun-0fbd5db1-c394-4944-be98-aafeeebc916a] INFO  o.eclipse.m2e.core.internal.Bundles - 	Entry: C:\Users\bpava\Downloads\SpringToolSuite\sts-4.29.1.RELEASE\plugins\org.apache.commons.cli_1.9.0.jar
2025-04-01 00:38:24,783 [Worker-14: Launching mavenrun-0fbd5db1-c394-4944-be98-aafeeebc916a] INFO  o.eclipse.m2e.core.internal.Bundles - getClasspathEntries(Bundle=org.apache.commons.commons-codec_1.16.0 [79])
2025-04-01 00:38:24,783 [Worker-14: Launching mavenrun-0fbd5db1-c394-4944-be98-aafeeebc916a] INFO  o.eclipse.m2e.core.internal.Bundles - 	Entry: C:\Users\bpava\Downloads\SpringToolSuite\sts-4.29.1.RELEASE\plugins\org.apache.commons.commons-codec_1.16.0.jar
2025-04-01 00:38:24,783 [Worker-14: Launching mavenrun-0fbd5db1-c394-4944-be98-aafeeebc916a] INFO  o.eclipse.m2e.core.internal.Bundles - getClasspathEntries(Bundle=com.google.guava.failureaccess_1.0.2 [30])
2025-04-01 00:38:24,784 [Worker-14: Launching mavenrun-0fbd5db1-c394-4944-be98-aafeeebc916a] INFO  o.eclipse.m2e.core.internal.Bundles - 	Entry: C:\Users\bpava\Downloads\SpringToolSuite\sts-4.29.1.RELEASE\plugins\com.google.guava.failureaccess_1.0.2.jar
2025-04-01 00:38:24,794 [Worker-14: Launching mavenrun-0fbd5db1-c394-4944-be98-aafeeebc916a] INFO  o.e.m.i.launch.MavenLaunchDelegate - Run build in "C:\Users\bpava\AppData\Local\Temp\m2e-archetypeGenerator17967927855591256911":
2025-04-01 00:38:24,799 [Worker-14: Launching mavenrun-0fbd5db1-c394-4944-be98-aafeeebc916a] INFO  o.e.m.i.launch.MavenLaunchDelegate -  mvn  -DjavaCompilerVersion=17 -DjunitVersion=5.11.0 -DarchetypeGroupId=org.apache.maven.archetypes -DarchetypeArtifactId=maven-archetype-quickstart -DarchetypeVersion=1.5 -DgroupId=PavanSolutionos -DartifactId=01_Logging_Log4J -Dversion=1.1 -Dpackage=com.pavan -DoutputDirectory=D:\FullStack_Development\5_Code__Projects\2_BackEnd\11_Logging -Dstyle.color=always -U archetype:generate
2025-04-01 00:38:42,138 [Worker-13: Creating maven-archetype-quickstart] INFO  o.e.m.c.i.p.ProjectConfigurationManager - Collecting project info '/pom.xml' D:\FullStack_Development\5_Code__Projects\2_BackEnd\11_Logging\01_Logging_Log4J\pom.xml
2025-04-01 00:38:42,894 [Worker-13: Creating maven-archetype-quickstart] INFO  o.e.m.c.i.l.LifecycleMappingFactory - Using org.eclipse.m2e.jdt.JarLifecycleMapping lifecycle mapping for MavenProject: PavanSolutionos:01_Logging_Log4J:1.1 @ D:\FullStack_Development\5_Code__Projects\2_BackEnd\11_Logging\01_Logging_Log4J\pom.xml.
2025-04-01 00:38:43,720 [Worker-13: Creating maven-archetype-quickstart] INFO  o.e.m.j.i.AbstractJavaProjectConfigurator - Adding source folder /01_Logging_Log4J/src/main/java
2025-04-01 00:38:43,723 [Worker-13: Creating maven-archetype-quickstart] INFO  o.e.m.j.i.AbstractJavaProjectConfigurator - Adding resource folder /01_Logging_Log4J/src/main/resources
2025-04-01 00:38:43,729 [Worker-13: Creating maven-archetype-quickstart] INFO  o.e.m.j.i.AbstractJavaProjectConfigurator - Adding source folder /01_Logging_Log4J/src/test/java
2025-04-01 00:38:43,730 [Worker-13: Creating maven-archetype-quickstart] INFO  o.e.m.j.i.AbstractJavaProjectConfigurator - Adding resource folder /01_Logging_Log4J/src/test/resources
2025-04-01 00:38:44,539 [Worker-13: Creating maven-archetype-quickstart] INFO  o.e.m.c.i.p.ProjectConfigurationManager - Imported and configured 1 project(s) in 2 sec
2025-04-01 00:38:45,393 [Worker-21: Building] INFO  o.a.m.s.f.DefaultMavenResourcesFiltering - skip non existing resourceDirectory D:\FullStack_Development\5_Code__Projects\2_BackEnd\11_Logging\01_Logging_Log4J\src\main\resources
2025-04-01 00:38:45,399 [Worker-21: Building] INFO  o.a.m.s.f.DefaultMavenResourcesFiltering - skip non existing resourceDirectory D:\FullStack_Development\5_Code__Projects\2_BackEnd\11_Logging\01_Logging_Log4J\src\test\resources
2025-04-01 01:34:44,727 [Worker-22: Building] INFO  o.a.m.s.f.DefaultMavenResourcesFiltering - skip non existing resourceDirectory D:\FullStack_Development\5_Code__Projects\2_BackEnd\11_Logging\01_Logging_Log4J\src\main\resources
2025-04-01 01:34:44,730 [Worker-22: Building] INFO  o.a.m.s.f.DefaultMavenResourcesFiltering - skip non existing resourceDirectory D:\FullStack_Development\5_Code__Projects\2_BackEnd\11_Logging\01_Logging_Log4J\src\test\resources
2025-04-01 01:34:56,372 [Worker-13: Building] INFO  o.a.m.s.f.DefaultMavenResourcesFiltering - skip non existing resourceDirectory D:\FullStack_Development\5_Code__Projects\2_BackEnd\11_Logging\01_Logging_Log4J\src\main\resources
2025-04-01 01:34:56,375 [Worker-13: Building] INFO  o.a.m.s.f.DefaultMavenResourcesFiltering - skip non existing resourceDirectory D:\FullStack_Development\5_Code__Projects\2_BackEnd\11_Logging\01_Logging_Log4J\src\test\resources
2025-04-01 01:35:20,017 [Worker-22: Building] INFO  o.a.m.s.f.DefaultMavenResourcesFiltering - skip non existing resourceDirectory D:\FullStack_Development\5_Code__Projects\2_BackEnd\11_Logging\01_Logging_Log4J\src\main\resources
2025-04-01 01:35:20,021 [Worker-22: Building] INFO  o.a.m.s.f.DefaultMavenResourcesFiltering - skip non existing resourceDirectory D:\FullStack_Development\5_Code__Projects\2_BackEnd\11_Logging\01_Logging_Log4J\src\test\resources
2025-04-01 01:35:26,577 [Worker-14: Building] INFO  o.a.m.s.f.DefaultMavenResourcesFiltering - skip non existing resourceDirectory D:\FullStack_Development\5_Code__Projects\2_BackEnd\11_Logging\01_Logging_Log4J\src\main\resources
2025-04-01 01:35:26,581 [Worker-14: Building] INFO  o.a.m.s.f.DefaultMavenResourcesFiltering - skip non existing resourceDirectory D:\FullStack_Development\5_Code__Projects\2_BackEnd\11_Logging\01_Logging_Log4J\src\test\resources
2025-04-01 01:55:22,816 [Worker-26: Building] INFO  o.e.m.c.i.l.LifecycleMappingFactory - Using org.eclipse.m2e.jdt.JarLifecycleMapping lifecycle mapping for MavenProject: PavanSolutionos:01_Logging_Log4J:1.1 @ D:\FullStack_Development\5_Code__Projects\2_BackEnd\11_Logging\01_Logging_Log4J\pom.xml.
2025-04-01 01:55:32,330 [Worker-13: Building] INFO  o.e.m.c.i.l.LifecycleMappingFactory - Using org.eclipse.m2e.jdt.JarLifecycleMapping lifecycle mapping for MavenProject: PavanSolutionos:01_Logging_Log4J:1.1 @ D:\FullStack_Development\5_Code__Projects\2_BackEnd\11_Logging\01_Logging_Log4J\pom.xml.
2025-04-01 01:55:32,684 [Worker-13: Building] INFO  o.a.m.s.f.DefaultMavenResourcesFiltering - skip non existing resourceDirectory D:\FullStack_Development\5_Code__Projects\2_BackEnd\11_Logging\01_Logging_Log4J\src\main\resources
2025-04-01 01:55:32,689 [Worker-13: Building] INFO  o.a.m.s.f.DefaultMavenResourcesFiltering - skip non existing resourceDirectory D:\FullStack_Development\5_Code__Projects\2_BackEnd\11_Logging\01_Logging_Log4J\src\test\resources
2025-04-01 01:55:33,636 [Worker-13: Download sources and javadoc] INFO  o.e.m.c.i.e.AbstractTransferListenerAdapter - Downloading https://repo.maven.apache.org/maven2/log4j/log4j/1.2.17/log4j-1.2.17-sources.jar
2025-04-01 01:55:33,780 [Worker-27: Building] INFO  o.a.m.s.f.DefaultMavenResourcesFiltering - skip non existing resourceDirectory D:\FullStack_Development\5_Code__Projects\2_BackEnd\11_Logging\01_Logging_Log4J\src\main\resources
2025-04-01 01:55:33,783 [Worker-27: Building] INFO  o.a.m.s.f.DefaultMavenResourcesFiltering - skip non existing resourceDirectory D:\FullStack_Development\5_Code__Projects\2_BackEnd\11_Logging\01_Logging_Log4J\src\test\resources
2025-04-01 01:55:33,852 [Worker-13: Download sources and javadoc] INFO  o.e.m.c.i.e.AbstractTransferListenerAdapter - Downloaded https://repo.maven.apache.org/maven2/log4j/log4j/1.2.17/log4j-1.2.17-sources.jar
2025-04-01 01:55:33,857 [Worker-13: Download sources and javadoc] INFO  o.e.m.j.internal.DownloadSourcesJob - Downloaded sources for log4j:log4j:1.2.17
2025-04-01 01:56:12,285 [Worker-24: Building] INFO  o.e.m.c.i.l.LifecycleMappingFactory - Using org.eclipse.m2e.jdt.JarLifecycleMapping lifecycle mapping for MavenProject: PavanSolutionos:01_Logging_Log4J:1.1 @ D:\FullStack_Development\5_Code__Projects\2_BackEnd\11_Logging\01_Logging_Log4J\pom.xml.
2025-04-01 01:56:12,493 [Worker-24: Building] INFO  o.a.m.s.f.DefaultMavenResourcesFiltering - skip non existing resourceDirectory D:\FullStack_Development\5_Code__Projects\2_BackEnd\11_Logging\01_Logging_Log4J\src\main\resources
2025-04-01 01:56:12,497 [Worker-24: Building] INFO  o.a.m.s.f.DefaultMavenResourcesFiltering - skip non existing resourceDirectory D:\FullStack_Development\5_Code__Projects\2_BackEnd\11_Logging\01_Logging_Log4J\src\test\resources
2025-04-01 01:56:47,999 [Worker-27: Building] INFO  o.e.m.c.i.l.LifecycleMappingFactory - Using org.eclipse.m2e.jdt.JarLifecycleMapping lifecycle mapping for MavenProject: PavanSolutionos:01_Logging_Log4J:1.1 @ D:\FullStack_Development\5_Code__Projects\2_BackEnd\11_Logging\01_Logging_Log4J\pom.xml.
2025-04-01 01:56:48,249 [Worker-27: Building] INFO  o.a.m.s.f.DefaultMavenResourcesFiltering - skip non existing resourceDirectory D:\FullStack_Development\5_Code__Projects\2_BackEnd\11_Logging\01_Logging_Log4J\src\main\resources
2025-04-01 01:56:48,258 [Worker-27: Building] INFO  o.a.m.s.f.DefaultMavenResourcesFiltering - skip non existing resourceDirectory D:\FullStack_Development\5_Code__Projects\2_BackEnd\11_Logging\01_Logging_Log4J\src\test\resources
2025-04-01 01:57:00,956 [Worker-13: Building] INFO  o.e.m.c.i.l.LifecycleMappingFactory - Using org.eclipse.m2e.jdt.JarLifecycleMapping lifecycle mapping for MavenProject: PavanSolutionos:01_Logging_Log4J:1.1 @ D:\FullStack_Development\5_Code__Projects\2_BackEnd\11_Logging\01_Logging_Log4J\pom.xml.
2025-04-01 01:57:01,206 [Worker-13: Building] INFO  o.a.m.s.f.DefaultMavenResourcesFiltering - skip non existing resourceDirectory D:\FullStack_Development\5_Code__Projects\2_BackEnd\11_Logging\01_Logging_Log4J\src\main\resources
2025-04-01 01:57:01,212 [Worker-13: Building] INFO  o.a.m.s.f.DefaultMavenResourcesFiltering - skip non existing resourceDirectory D:\FullStack_Development\5_Code__Projects\2_BackEnd\11_Logging\01_Logging_Log4J\src\test\resources
2025-04-01 01:57:05,279 [Worker-23: Building] INFO  o.a.m.s.f.DefaultMavenResourcesFiltering - skip non existing resourceDirectory D:\FullStack_Development\5_Code__Projects\2_BackEnd\11_Logging\01_Logging_Log4J\src\main\resources
2025-04-01 01:57:05,281 [Worker-23: Building] INFO  o.a.m.s.f.DefaultMavenResourcesFiltering - skip non existing resourceDirectory D:\FullStack_Development\5_Code__Projects\2_BackEnd\11_Logging\01_Logging_Log4J\src\test\resources
2025-04-01 01:58:25,675 [Worker-27: Building] INFO  o.a.m.s.f.DefaultMavenResourcesFiltering - skip non existing resourceDirectory D:\FullStack_Development\5_Code__Projects\2_BackEnd\11_Logging\01_Logging_Log4J\src\main\resources
2025-04-01 01:58:25,677 [Worker-27: Building] INFO  o.a.m.s.f.DefaultMavenResourcesFiltering - skip non existing resourceDirectory D:\FullStack_Development\5_Code__Projects\2_BackEnd\11_Logging\01_Logging_Log4J\src\test\resources
2025-04-01 01:58:54,101 [Worker-21: Building] INFO  o.a.m.s.f.DefaultMavenResourcesFiltering - skip non existing resourceDirectory D:\FullStack_Development\5_Code__Projects\2_BackEnd\11_Logging\01_Logging_Log4J\src\main\resources
2025-04-01 01:58:54,104 [Worker-21: Building] INFO  o.a.m.s.f.DefaultMavenResourcesFiltering - skip non existing resourceDirectory D:\FullStack_Development\5_Code__Projects\2_BackEnd\11_Logging\01_Logging_Log4J\src\test\resources
2025-04-01 01:58:59,261 [Worker-24: Building] INFO  o.a.m.s.f.DefaultMavenResourcesFiltering - skip non existing resourceDirectory D:\FullStack_Development\5_Code__Projects\2_BackEnd\11_Logging\01_Logging_Log4J\src\main\resources
2025-04-01 01:58:59,265 [Worker-24: Building] INFO  o.a.m.s.f.DefaultMavenResourcesFiltering - skip non existing resourceDirectory D:\FullStack_Development\5_Code__Projects\2_BackEnd\11_Logging\01_Logging_Log4J\src\test\resources
2025-04-01 01:59:56,835 [Worker-26: Building] INFO  o.a.m.s.f.DefaultMavenResourcesFiltering - skip non existing resourceDirectory D:\FullStack_Development\5_Code__Projects\2_BackEnd\11_Logging\01_Logging_Log4J\src\main\resources
2025-04-01 01:59:56,837 [Worker-26: Building] INFO  o.a.m.s.f.DefaultMavenResourcesFiltering - skip non existing resourceDirectory D:\FullStack_Development\5_Code__Projects\2_BackEnd\11_Logging\01_Logging_Log4J\src\test\resources
2025-04-01 02:00:20,701 [Worker-27: Building] INFO  o.a.m.s.f.DefaultMavenResourcesFiltering - skip non existing resourceDirectory D:\FullStack_Development\5_Code__Projects\2_BackEnd\11_Logging\01_Logging_Log4J\src\main\resources
2025-04-01 02:00:20,715 [Worker-27: Building] INFO  o.a.m.s.f.DefaultMavenResourcesFiltering - skip non existing resourceDirectory D:\FullStack_Development\5_Code__Projects\2_BackEnd\11_Logging\01_Logging_Log4J\src\test\resources
2025-04-01 02:00:48,006 [Worker-25: Building] INFO  o.a.m.s.f.DefaultMavenResourcesFiltering - skip non existing resourceDirectory D:\FullStack_Development\5_Code__Projects\2_BackEnd\11_Logging\01_Logging_Log4J\src\main\resources
2025-04-01 02:00:48,011 [Worker-25: Building] INFO  o.a.m.s.f.DefaultMavenResourcesFiltering - skip non existing resourceDirectory D:\FullStack_Development\5_Code__Projects\2_BackEnd\11_Logging\01_Logging_Log4J\src\test\resources
2025-04-01 02:01:56,562 [Worker-27: Building] INFO  o.a.m.s.f.DefaultMavenResourcesFiltering - skip non existing resourceDirectory D:\FullStack_Development\5_Code__Projects\2_BackEnd\11_Logging\01_Logging_Log4J\src\main\resources
2025-04-01 02:01:56,564 [Worker-27: Building] INFO  o.a.m.s.f.DefaultMavenResourcesFiltering - skip non existing resourceDirectory D:\FullStack_Development\5_Code__Projects\2_BackEnd\11_Logging\01_Logging_Log4J\src\test\resources
2025-04-01 02:02:29,204 [Worker-28: Building] INFO  o.a.m.s.f.DefaultMavenResourcesFiltering - skip non existing resourceDirectory D:\FullStack_Development\5_Code__Projects\2_BackEnd\11_Logging\01_Logging_Log4J\src\main\resources
2025-04-01 02:02:29,206 [Worker-28: Building] INFO  o.a.m.s.f.DefaultMavenResourcesFiltering - skip non existing resourceDirectory D:\FullStack_Development\5_Code__Projects\2_BackEnd\11_Logging\01_Logging_Log4J\src\test\resources
2025-04-01 02:04:34,112 [Worker-23: Building] INFO  o.a.m.s.f.DefaultMavenResourcesFiltering - skip non existing resourceDirectory D:\FullStack_Development\5_Code__Projects\2_BackEnd\11_Logging\01_Logging_Log4J\src\main\resources
2025-04-01 02:04:34,115 [Worker-23: Building] INFO  o.a.m.s.f.DefaultMavenResourcesFiltering - skip non existing resourceDirectory D:\FullStack_Development\5_Code__Projects\2_BackEnd\11_Logging\01_Logging_Log4J\src\test\resources
2025-04-01 02:05:32,386 [Worker-13: Building] INFO  o.a.m.s.f.DefaultMavenResourcesFiltering - skip non existing resourceDirectory D:\FullStack_Development\5_Code__Projects\2_BackEnd\11_Logging\01_Logging_Log4J\src\main\resources
2025-04-01 02:05:32,389 [Worker-13: Building] INFO  o.a.m.s.f.DefaultMavenResourcesFiltering - skip non existing resourceDirectory D:\FullStack_Development\5_Code__Projects\2_BackEnd\11_Logging\01_Logging_Log4J\src\test\resources
2025-04-01 02:06:03,817 [Worker-13: Building] INFO  o.a.m.s.f.DefaultMavenResourcesFiltering - skip non existing resourceDirectory D:\FullStack_Development\5_Code__Projects\2_BackEnd\11_Logging\01_Logging_Log4J\src\main\resources
2025-04-01 02:06:03,820 [Worker-13: Building] INFO  o.a.m.s.f.DefaultMavenResourcesFiltering - skip non existing resourceDirectory D:\FullStack_Development\5_Code__Projects\2_BackEnd\11_Logging\01_Logging_Log4J\src\test\resources
2025-04-01 02:06:05,234 [Worker-21: Building] INFO  o.a.m.s.f.DefaultMavenResourcesFiltering - skip non existing resourceDirectory D:\FullStack_Development\5_Code__Projects\2_BackEnd\11_Logging\01_Logging_Log4J\src\main\resources
2025-04-01 02:06:05,237 [Worker-21: Building] INFO  o.a.m.s.f.DefaultMavenResourcesFiltering - skip non existing resourceDirectory D:\FullStack_Development\5_Code__Projects\2_BackEnd\11_Logging\01_Logging_Log4J\src\test\resources
2025-04-01 02:07:16,984 [Worker-13: Building] INFO  o.a.m.s.f.DefaultMavenResourcesFiltering - skip non existing resourceDirectory D:\FullStack_Development\5_Code__Projects\2_BackEnd\11_Logging\01_Logging_Log4J\src\main\resources
2025-04-01 02:07:16,987 [Worker-13: Building] INFO  o.a.m.s.f.DefaultMavenResourcesFiltering - skip non existing resourceDirectory D:\FullStack_Development\5_Code__Projects\2_BackEnd\11_Logging\01_Logging_Log4J\src\test\resources
2025-04-01 02:07:27,325 [Worker-23: Building] INFO  o.a.m.s.f.DefaultMavenResourcesFiltering - skip non existing resourceDirectory D:\FullStack_Development\5_Code__Projects\2_BackEnd\11_Logging\01_Logging_Log4J\src\main\resources
2025-04-01 02:07:27,327 [Worker-23: Building] INFO  o.a.m.s.f.DefaultMavenResourcesFiltering - skip non existing resourceDirectory D:\FullStack_Development\5_Code__Projects\2_BackEnd\11_Logging\01_Logging_Log4J\src\test\resources
2025-04-01 02:07:53,381 [Worker-25: Building] INFO  o.a.m.s.f.DefaultMavenResourcesFiltering - skip non existing resourceDirectory D:\FullStack_Development\5_Code__Projects\2_BackEnd\11_Logging\01_Logging_Log4J\src\main\resources
2025-04-01 02:07:53,383 [Worker-25: Building] INFO  o.a.m.s.f.DefaultMavenResourcesFiltering - skip non existing resourceDirectory D:\FullStack_Development\5_Code__Projects\2_BackEnd\11_Logging\01_Logging_Log4J\src\test\resources
2025-04-01 02:08:21,497 [Worker-23: Building] INFO  o.a.m.s.f.DefaultMavenResourcesFiltering - skip non existing resourceDirectory D:\FullStack_Development\5_Code__Projects\2_BackEnd\11_Logging\01_Logging_Log4J\src\main\resources
2025-04-01 02:08:21,499 [Worker-23: Building] INFO  o.a.m.s.f.DefaultMavenResourcesFiltering - skip non existing resourceDirectory D:\FullStack_Development\5_Code__Projects\2_BackEnd\11_Logging\01_Logging_Log4J\src\test\resources
2025-04-01 02:09:14,684 [Worker-23: Building] INFO  o.a.m.s.f.DefaultMavenResourcesFiltering - skip non existing resourceDirectory D:\FullStack_Development\5_Code__Projects\2_BackEnd\11_Logging\01_Logging_Log4J\src\main\resources
2025-04-01 02:09:14,687 [Worker-23: Building] INFO  o.a.m.s.f.DefaultMavenResourcesFiltering - skip non existing resourceDirectory D:\FullStack_Development\5_Code__Projects\2_BackEnd\11_Logging\01_Logging_Log4J\src\test\resources
2025-04-01 02:09:41,675 [Worker-23: Building] INFO  o.a.m.s.f.DefaultMavenResourcesFiltering - skip non existing resourceDirectory D:\FullStack_Development\5_Code__Projects\2_BackEnd\11_Logging\01_Logging_Log4J\src\main\resources
2025-04-01 02:09:41,677 [Worker-23: Building] INFO  o.a.m.s.f.DefaultMavenResourcesFiltering - skip non existing resourceDirectory D:\FullStack_Development\5_Code__Projects\2_BackEnd\11_Logging\01_Logging_Log4J\src\test\resources
2025-04-01 02:14:09,839 [Worker-25: Building] INFO  o.a.m.s.f.DefaultMavenResourcesFiltering - skip non existing resourceDirectory D:\FullStack_Development\5_Code__Projects\2_BackEnd\11_Logging\01_Logging_Log4J\src\main\resources
2025-04-01 02:14:09,841 [Worker-25: Building] INFO  o.a.m.s.f.DefaultMavenResourcesFiltering - skip non existing resourceDirectory D:\FullStack_Development\5_Code__Projects\2_BackEnd\11_Logging\01_Logging_Log4J\src\test\resources
2025-04-01 02:14:37,738 [Worker-21: Building] INFO  o.a.m.s.f.DefaultMavenResourcesFiltering - skip non existing resourceDirectory D:\FullStack_Development\5_Code__Projects\2_BackEnd\11_Logging\01_Logging_Log4J\src\main\resources
2025-04-01 02:14:37,740 [Worker-21: Building] INFO  o.a.m.s.f.DefaultMavenResourcesFiltering - skip non existing resourceDirectory D:\FullStack_Development\5_Code__Projects\2_BackEnd\11_Logging\01_Logging_Log4J\src\test\resources
2025-04-01 02:15:04,727 [Worker-26: Building] INFO  o.a.m.s.f.DefaultMavenResourcesFiltering - skip non existing resourceDirectory D:\FullStack_Development\5_Code__Projects\2_BackEnd\11_Logging\01_Logging_Log4J\src\main\resources
2025-04-01 02:15:04,730 [Worker-26: Building] INFO  o.a.m.s.f.DefaultMavenResourcesFiltering - skip non existing resourceDirectory D:\FullStack_Development\5_Code__Projects\2_BackEnd\11_Logging\01_Logging_Log4J\src\test\resources
2025-04-01 02:15:18,462 [Worker-27: Building] INFO  o.a.m.s.f.DefaultMavenResourcesFiltering - skip non existing resourceDirectory D:\FullStack_Development\5_Code__Projects\2_BackEnd\11_Logging\01_Logging_Log4J\src\main\resources
2025-04-01 02:15:18,464 [Worker-27: Building] INFO  o.a.m.s.f.DefaultMavenResourcesFiltering - skip non existing resourceDirectory D:\FullStack_Development\5_Code__Projects\2_BackEnd\11_Logging\01_Logging_Log4J\src\test\resources
